<?xml version='1.0' encoding='UTF-8'?>
<testsuite hostname="NAOMI-PC" name="codecs.CodecsSuite" tests="13" errors="0" failures="0" skipped="0" time="0.611" timestamp="2020-04-08T23:34:12">
                     <properties>
[...]
</properties>
                     <testcase classname="codecs.CodecsSuite" name="it is possible to encode and decode 'Int' values (1pt)" time="0.208">
                                                 
                                               </testcase><testcase classname="codecs.CodecsSuite" name="a 'Boolean' value should be encoded as a JSON boolean (1pt)" time="0.001">
                                                 
                                               </testcase><testcase classname="codecs.CodecsSuite" name="it is possible to encode and decode 'Boolean' values (1pt)" time="0.017">
                                                 
                                               </testcase><testcase classname="codecs.CodecsSuite" name="a 'Contacts' value should be encoded as a JSON object (1pt)" time="0.005">
                                                 
                                               </testcase><testcase classname="codecs.CodecsSuite" name="it is possible to encode and decode people (4pts)" time="0.092">
                                                 
                                               </testcase><testcase classname="codecs.CodecsSuite" name="a 'List[A]' value should be encoded as a JSON array (0pts)" time="0.001">
                                                 
                                               </testcase><testcase classname="codecs.CodecsSuite" name="it is possible to encode and decode 'String' values (1pt)" time="0.033">
                                                 
                                               </testcase><testcase classname="codecs.CodecsSuite" name="a 'String' value should be encoded as a JSON string (1pt)" time="0.001">
                                                 
                                               </testcase><testcase classname="codecs.CodecsSuite" name="it is possible to encode and decode the 'Unit' value (0pts)" time="0.006">
                                                 
                                               </testcase><testcase classname="codecs.CodecsSuite" name="a 'Person' value should be encoded as a JSON object (1pt)" time="0.001">
                                                 
                                               </testcase><testcase classname="codecs.CodecsSuite" name="it is possible to encode and decode lists (5pts)" time="0.036">
                                                 
                                               </testcase><testcase classname="codecs.CodecsSuite" name="the 'Int' decoder should reject invalid 'Int' values (2pts)" time="0.0">
                                                 
                                               </testcase><testcase classname="codecs.CodecsSuite" name="it is possible to encode and decode contacts (4pts)" time="0.21">
                                                 
                                               </testcase>
                     <system-out><![CDATA[]]></system-out>
                     <system-err><![CDATA[]]></system-err>
                   </testsuite>